<?xml version="1.0" encoding="UTF-8"?>
<!-- Generated by org.testng.reporters.JUnitXMLReporter -->
<testsuite hostname="adi" ignored="4" tests="5" failures="1" timestamp="07 Mar 2021 14:05:11 GMT" time="37.006" errors="0">
  <testcase name="getBookingIDs" time="10.241" classname="GetBooking">
    <failure type="java.lang.AssertionError" message="expected [Mary] but found [Susan]">
      <![CDATA[java.lang.AssertionError: expected [Mary] but found [Susan]
at GetBooking.getBookingIDs(GetBooking.java:61)
... Removed 35 stack frames]]>
    </failure>
  </testcase> <!-- getBookingIDs -->
  <testcase name="createNewBooking" time="4.164" classname="CreateBooking"/>
  <testcase name="updateBooking" time="6.071" classname="UpdateBooking"/>
  <testcase name="updateBooking" time="4.626" classname="PartialUpdateBooking"/>
  <testcase name="getBookingIDs" time="4.64" classname="DeleteBooking"/>
  <testcase name="@BeforeSuite setBaseURI" time="0.0" classname="utility.BaseTest">
    <ignored/>
  </testcase> <!-- @BeforeSuite setBaseURI -->
  <testcase name="@BeforeSuite setBaseURI" time="0.0" classname="utility.BaseTest">
    <ignored/>
  </testcase> <!-- @BeforeSuite setBaseURI -->
  <testcase name="@BeforeSuite setBaseURI" time="0.0" classname="utility.BaseTest">
    <ignored/>
  </testcase> <!-- @BeforeSuite setBaseURI -->
  <testcase name="@BeforeSuite setBaseURI" time="0.0" classname="utility.BaseTest">
    <ignored/>
  </testcase> <!-- @BeforeSuite setBaseURI -->
</testsuite>
