<?xml version="1.0" encoding="UTF-8"?>
<testsuite xmlns:xsi="http://www.w3.org/2001/XMLSchema-instance" xsi:noNamespaceSchemaLocation="https://maven.apache.org/surefire/maven-surefire-plugin/xsd/surefire-test-report-3.0.xsd" version="3.0" name="TestSuite" time="46.733" tests="5" errors="0" skipped="0" failures="1">
  <properties>
[...]
</properties>
  <testcase name="getBookingIDs" classname="GetBooking" time="10.2">
    <failure message="expected [Mary] but found [Susan]" type="java.lang.AssertionError">java.lang.AssertionError: expected [Mary] but found [Susan]
	at GetBooking.getBookingIDs(GetBooking.java:61)
</failure>
    <system-out><![CDATA[workSheetName name is : Booking
testCaseName name is : GetBooking
Sheet name is : Booking
worksheet.getLastRowNum : 6
worksheet.getFirstRowNum : 0
getRowCount is : 6
cell String is : GetBooking
test case name is : GetBooking
testCaseStartRow is : 1
cell.getStringCellValue() : GetBooking
testCaseName.trim() : GetBooking
cell.getStringCellValue() : GetBooking
testCaseName.trim() : GetBooking
cell.getStringCellValue() : GetBooking
testCaseName.trim() : GetBooking
cell.getStringCellValue() : GetBooking
testCaseName.trim() : GetBooking
cell.getStringCellValue() : Test case
testCaseName.trim() : GetBooking
testCaseEndRow is : 4
usedColumnsCount is : 9
usedColumnsCount+1 is 10
Total no. of test case iteration is : 1
Total Number of Rows Selected is 1
Cell content is : 1
Cell content is : Mary
Cell content is : Jones
Cell content is : 243
Cell content is : false
Cell content is : 2017-04-16
Cell content is : 2018-02-03
Cell content is : 
{"firstname":"Susan","lastname":"Jones","totalprice":645,"depositpaid":true,"bookingdates":{"checkin":"2020-09-13","checkout":"2021-02-24"},"additionalneeds":"Breakfast"}
]]></system-out>
    <system-err><![CDATA[SLF4J: Failed to load class "org.slf4j.impl.StaticLoggerBinder".
SLF4J: Defaulting to no-operation (NOP) logger implementation
SLF4J: See http://www.slf4j.org/codes.html#StaticLoggerBinder for further details.
]]></system-err>
  </testcase>
  <testcase name="createNewBooking" classname="CreateBooking" time="3.787"/>
  <testcase name="updateBooking" classname="UpdateBooking" time="6.104"/>
  <testcase name="updateBooking" classname="PartialUpdateBooking" time="4.665"/>
  <testcase name="getBookingIDs" classname="DeleteBooking" time="4.61"/>
</testsuite>