<?xml version="1.0" encoding="UTF-8"?>
<testng-results skipped="0" failed="1" ignored="4" total="9" passed="4">
  <reporter-output>
  </reporter-output>
  <suite name="Suite" duration-ms="37006" started-at="2021-03-07T14:04:34Z" finished-at="2021-03-07T14:05:11Z">
    <groups>
    </groups>
    <test name="Test" duration-ms="37006" started-at="2021-03-07T14:04:34Z" finished-at="2021-03-07T14:05:11Z">
      <class name="PartialUpdateBooking">
        <test-method status="PASS" signature="beforeMethod()[pri:0, instance:PartialUpdateBooking@546ccad7]" name="beforeMethod" is-config="true" duration-ms="1" started-at="2021-03-07T14:05:01Z" finished-at="2021-03-07T14:05:01Z">
          <reporter-output>
          </reporter-output>
        </test-method> <!-- beforeMethod -->
        <test-method status="PASS" signature="updateBooking()[pri:0, instance:PartialUpdateBooking@546ccad7]" name="updateBooking" duration-ms="4626" started-at="2021-03-07T14:05:01Z" description="To update the details of the booking IDs" finished-at="2021-03-07T14:05:06Z">
          <reporter-output>
          </reporter-output>
        </test-method> <!-- updateBooking -->
      </class> <!-- PartialUpdateBooking -->
      <class name="GetBooking">
        <test-method status="PASS" signature="setBaseURI()[pri:0, instance:GetBooking@7a8fa663]" name="setBaseURI" is-config="true" duration-ms="3479" started-at="2021-03-07T14:04:30Z" finished-at="2021-03-07T14:04:34Z">
          <reporter-output>
          </reporter-output>
        </test-method> <!-- setBaseURI -->
        <test-method status="PASS" signature="beforeMethod()[pri:0, instance:GetBooking@7a8fa663]" name="beforeMethod" is-config="true" duration-ms="402" started-at="2021-03-07T14:04:39Z" finished-at="2021-03-07T14:04:39Z">
          <reporter-output>
          </reporter-output>
        </test-method> <!-- beforeMethod -->
        <test-method status="FAIL" signature="getBookingIDs(java.lang.String, java.lang.String, java.lang.String, java.lang.String, java.lang.String, java.lang.String, java.lang.String, java.lang.String, java.lang.String)[pri:0, instance:GetBooking@7a8fa663]" name="getBookingIDs" duration-ms="10241" started-at="2021-03-07T14:04:40Z" description="To retrieve the details of the booking IDs" data-provider="DataFromExcel" finished-at="2021-03-07T14:04:50Z">
          <params>
            <param index="0">
              <value>
                <![CDATA[1]]>
              </value>
            </param>
            <param index="1">
              <value>
                <![CDATA[Mary]]>
              </value>
            </param>
            <param index="2">
              <value>
                <![CDATA[Jones]]>
              </value>
            </param>
            <param index="3">
              <value>
                <![CDATA[243]]>
              </value>
            </param>
            <param index="4">
              <value>
                <![CDATA[false]]>
              </value>
            </param>
            <param index="5">
              <value>
                <![CDATA[2017-04-16]]>
              </value>
            </param>
            <param index="6">
              <value>
                <![CDATA[2018-02-03]]>
              </value>
            </param>
            <param index="7">
              <value>
                <![CDATA[]]>
              </value>
            </param>
            <param index="8">
              <value is-null="true"/>
            </param>
          </params>
          <exception class="java.lang.AssertionError">
            <message>
              <![CDATA[expected [Mary] but found [Susan]]]>
            </message>
            <full-stacktrace>
              <![CDATA[java.lang.AssertionError: expected [Mary] but found [Susan]
at org.testng.Assert.fail(Assert.java:96)
at org.testng.Assert.failNotEquals(Assert.java:776)
at org.testng.Assert.assertEqualsImpl(Assert.java:137)
at org.testng.Assert.assertEquals(Assert.java:118)
at org.testng.Assert.assertEquals(Assert.java:453)
at org.testng.Assert.assertEquals(Assert.java:463)
at GetBooking.getBookingIDs(GetBooking.java:61)
at sun.reflect.NativeMethodAccessorImpl.invoke0(Native Method)
at sun.reflect.NativeMethodAccessorImpl.invoke(NativeMethodAccessorImpl.java:62)
at sun.reflect.DelegatingMethodAccessorImpl.invoke(DelegatingMethodAccessorImpl.java:43)
at java.lang.reflect.Method.invoke(Method.java:498)
at org.testng.internal.MethodInvocationHelper.invokeMethod(MethodInvocationHelper.java:124)
at org.testng.internal.Invoker.invokeMethod(Invoker.java:583)
at org.testng.internal.Invoker.invokeTestMethod(Invoker.java:719)
at org.testng.internal.Invoker.invokeTestMethods(Invoker.java:989)
at org.testng.internal.TestMethodWorker.invokeTestMethods(TestMethodWorker.java:125)
at org.testng.internal.TestMethodWorker.run(TestMethodWorker.java:109)
at org.testng.TestRunner.privateRun(TestRunner.java:648)
at org.testng.TestRunner.run(TestRunner.java:505)
at org.testng.SuiteRunner.runTest(SuiteRunner.java:455)
at org.testng.SuiteRunner.runSequentially(SuiteRunner.java:450)
at org.testng.SuiteRunner.privateRun(SuiteRunner.java:415)
at org.testng.SuiteRunner.run(SuiteRunner.java:364)
at org.testng.SuiteRunnerWorker.runSuite(SuiteRunnerWorker.java:52)
at org.testng.SuiteRunnerWorker.run(SuiteRunnerWorker.java:84)
at org.testng.TestNG.runSuitesSequentially(TestNG.java:1208)
at org.testng.TestNG.runSuitesLocally(TestNG.java:1137)
at org.testng.TestNG.runSuites(TestNG.java:1049)
at org.testng.TestNG.run(TestNG.java:1017)
at org.apache.maven.surefire.testng.TestNGExecutor.run(TestNGExecutor.java:283)
at org.apache.maven.surefire.testng.TestNGXmlTestSuite.execute(TestNGXmlTestSuite.java:75)
at org.apache.maven.surefire.testng.TestNGProvider.invoke(TestNGProvider.java:120)
at org.apache.maven.surefire.booter.ForkedBooter.invokeProviderInSameClassLoader(ForkedBooter.java:384)
at org.apache.maven.surefire.booter.ForkedBooter.runSuitesInProcess(ForkedBooter.java:345)
at org.apache.maven.surefire.booter.ForkedBooter.execute(ForkedBooter.java:126)
at org.apache.maven.surefire.booter.ForkedBooter.main(ForkedBooter.java:418)
]]>
            </full-stacktrace>
          </exception> <!-- java.lang.AssertionError -->
          <reporter-output>
          </reporter-output>
        </test-method> <!-- getBookingIDs -->
      </class> <!-- GetBooking -->
      <class name="DeleteBooking">
        <test-method status="PASS" signature="beforeMethod()[pri:0, instance:DeleteBooking@5357c287]" name="beforeMethod" is-config="true" duration-ms="7" started-at="2021-03-07T14:05:06Z" finished-at="2021-03-07T14:05:06Z">
          <reporter-output>
          </reporter-output>
        </test-method> <!-- beforeMethod -->
        <test-method status="PASS" signature="getBookingIDs()[pri:0, instance:DeleteBooking@5357c287]" name="getBookingIDs" duration-ms="4640" started-at="2021-03-07T14:05:06Z" description="To delete the details of the booking IDs" finished-at="2021-03-07T14:05:11Z">
          <reporter-output>
          </reporter-output>
        </test-method> <!-- getBookingIDs -->
      </class> <!-- DeleteBooking -->
      <class name="CreateBooking">
        <test-method status="PASS" signature="beforeMethod()[pri:0, instance:CreateBooking@5ce33a58]" name="beforeMethod" is-config="true" duration-ms="2" started-at="2021-03-07T14:04:51Z" finished-at="2021-03-07T14:04:51Z">
          <reporter-output>
          </reporter-output>
        </test-method> <!-- beforeMethod -->
        <test-method status="PASS" signature="createNewBooking(java.lang.String, java.lang.String, java.lang.String, java.lang.String, java.lang.String, java.lang.String, java.lang.String, java.lang.String)[pri:0, instance:CreateBooking@5ce33a58]" name="createNewBooking" duration-ms="4164" started-at="2021-03-07T14:04:51Z" description="To retrieve the details of the booking IDs" data-provider="DataFromExcel" finished-at="2021-03-07T14:04:55Z">
          <params>
            <param index="0">
              <value>
                <![CDATA[Jimmy]]>
              </value>
            </param>
            <param index="1">
              <value>
                <![CDATA[Browny]]>
              </value>
            </param>
            <param index="2">
              <value>
                <![CDATA[112]]>
              </value>
            </param>
            <param index="3">
              <value>
                <![CDATA[true]]>
              </value>
            </param>
            <param index="4">
              <value>
                <![CDATA[2017-01-02]]>
              </value>
            </param>
            <param index="5">
              <value>
                <![CDATA[2017-01-30]]>
              </value>
            </param>
            <param index="6">
              <value>
                <![CDATA[Lunch]]>
              </value>
            </param>
            <param index="7">
              <value is-null="true"/>
            </param>
          </params>
          <reporter-output>
          </reporter-output>
        </test-method> <!-- createNewBooking -->
      </class> <!-- CreateBooking -->
      <class name="UpdateBooking">
        <test-method status="PASS" signature="beforeMethod()[pri:0, instance:UpdateBooking@78a287ed]" name="beforeMethod" is-config="true" duration-ms="1" started-at="2021-03-07T14:04:55Z" finished-at="2021-03-07T14:04:55Z">
          <reporter-output>
          </reporter-output>
        </test-method> <!-- beforeMethod -->
        <test-method status="PASS" signature="updateBooking()[pri:0, instance:UpdateBooking@78a287ed]" name="updateBooking" duration-ms="6071" started-at="2021-03-07T14:04:55Z" description="To update the details of the booking IDs" finished-at="2021-03-07T14:05:01Z">
          <reporter-output>
          </reporter-output>
        </test-method> <!-- updateBooking -->
      </class> <!-- UpdateBooking -->
    </test> <!-- Test -->
  </suite> <!-- Suite -->
</testng-results>
