-------------------------------------------------------------------------------
Test set: TestSuite
-------------------------------------------------------------------------------
Tests run: 5, Failures: 1, Errors: 0, Skipped: 0, Time elapsed: 46.733 s <<< FAILURE! - in TestSuite
getBookingIDs(GetBooking)  Time elapsed: 10.2 s  <<< FAILURE!
java.lang.AssertionError: expected [Mary] but found [Susan]
	at GetBooking.getBookingIDs(GetBooking.java:61)

